已經開始建置於 2016/11/28 上午 07:12:23。
     1>節點 2 (Build 目標) 上的專案 "C:\Users\ya fa\Documents\Visual Studio 2013\Projects\CV_hw2\CV_hw2\CV_hw2.vcxproj"。
     1>ClCompile:
         C:\Program Files (x86)\Microsoft Visual Studio 12.0\VC\bin\CL.exe /c /IC:\opencv\build\include\opencv /IC:\opencv\build\include /IC:\opencv\build\include\opencv2 /ZI /nologo /W3 /WX- /sdl /Od /Oy- /D _CRT_SECURE_NO_WARNINGS /D _MBCS /Gm /EHsc /RTC1 /MDd /GS /fp:precise /Zc:wchar_t /Zc:forScope /Fo"Debug\\" /Fd"Debug\vc120.pdb" /Gd /TP /analyze- /errorReport:prompt Source.cpp
         Source.cpp
     1>c:\opencv\build\include\opencv2\flann\dist.h : warning C4819: 檔案含有無法在目前字碼頁 (950) 中表示的字元。請以 Unicode 格式儲存檔案以防止資料遺失
     1>c:\opencv\build\include\opencv2\legacy\compat.hpp : warning C4819: 檔案含有無法在目前字碼頁 (950) 中表示的字元。請以 Unicode 格式儲存檔案以防止資料遺失
     1>c:\users\ya fa\documents\visual studio 2013\projects\cv_hw2\cv_hw2\source.cpp(125): warning C4258: 'i' : 已忽略來自 for 迴圈的定義; 使用封閉範圍的定義
                 c:\users\ya fa\documents\visual studio 2013\projects\cv_hw2\cv_hw2\source.cpp(112) : 已忽略 'i' 的定義
                 c:\users\ya fa\documents\visual studio 2013\projects\cv_hw2\cv_hw2\source.cpp(101) : 已使用 'i' 的定義
     1>c:\users\ya fa\documents\visual studio 2013\projects\cv_hw2\cv_hw2\source.cpp(126): warning C4258: 'i' : 已忽略來自 for 迴圈的定義; 使用封閉範圍的定義
                 c:\users\ya fa\documents\visual studio 2013\projects\cv_hw2\cv_hw2\source.cpp(112) : 已忽略 'i' 的定義
                 c:\users\ya fa\documents\visual studio 2013\projects\cv_hw2\cv_hw2\source.cpp(101) : 已使用 'i' 的定義
     1>c:\users\ya fa\documents\visual studio 2013\projects\cv_hw2\cv_hw2\source.cpp(127): warning C4258: 'i' : 已忽略來自 for 迴圈的定義; 使用封閉範圍的定義
                 c:\users\ya fa\documents\visual studio 2013\projects\cv_hw2\cv_hw2\source.cpp(112) : 已忽略 'i' 的定義
                 c:\users\ya fa\documents\visual studio 2013\projects\cv_hw2\cv_hw2\source.cpp(101) : 已使用 'i' 的定義
       Link:
         C:\Program Files (x86)\Microsoft Visual Studio 12.0\VC\bin\link.exe /ERRORREPORT:PROMPT /OUT:"C:\Users\ya fa\Documents\Visual Studio 2013\Projects\CV_hw2\Debug\CV_hw2.exe" /INCREMENTAL /NOLOGO /LIBPATH:C:\opencv\build\x86\vc12\lib opencv_calib3d2413d.lib opencv_contrib2413d.lib opencv_core2413d.lib opencv_features2d2413d.lib opencv_flann2413d.lib opencv_gpu2413d.lib opencv_highgui2413d.lib opencv_imgproc2413d.lib opencv_legacy2413d.lib opencv_ml2413d.lib opencv_nonfree2413d.lib opencv_objdetect2413d.lib opencv_ocl2413d.lib opencv_photo2413d.lib opencv_stitching2413d.lib opencv_superres2413d.lib opencv_ts2413d.lib opencv_video2413d.lib opencv_videostab2413d.lib kernel32.lib user32.lib gdi32.lib winspool.lib comdlg32.lib advapi32.lib shell32.lib ole32.lib oleaut32.lib uuid.lib odbc32.lib odbccp32.lib /MANIFEST /MANIFESTUAC:"level='asInvoker' uiAccess='false'" /manifest:embed /DEBUG /PDB:"C:\Users\ya fa\Documents\Visual Studio 2013\Projects\CV_hw2\Debug\CV_hw2.pdb" /TLBID:1 /DYNAMICBASE /NXCOMPAT /IMPLIB:"C:\Users\ya fa\Documents\Visual Studio 2013\Projects\CV_hw2\Debug\CV_hw2.lib" /MACHINE:X86 Debug\Source.obj
         CV_hw2.vcxproj -> C:\Users\ya fa\Documents\Visual Studio 2013\Projects\CV_hw2\Debug\CV_hw2.exe
     1>專案 "C:\Users\ya fa\Documents\Visual Studio 2013\Projects\CV_hw2\CV_hw2\CV_hw2.vcxproj" (Build 目標) 建置完成。

建置成功。

經過時間 00:00:01.16
